<?xml version="1.0" encoding="UTF-8"?>
<!-- Generated by org.testng.reporters.JUnitReportReporter -->
<testsuite hostname="DESKTOP-V5VVE22" failures="0" tests="4" name="sameerakhtar.tests.SubmitOrderTest" time="76.683" errors="0" timestamp="2024-11-16T20:40:27 IST" skipped="0">
  <testcase classname="sameerakhtar.tests.SubmitOrderTest" name="orderHistoryTest" time="15.450"/>
  <testcase classname="sameerakhtar.tests.SubmitOrderTest" name="submitOrderTest" time="29.461"/>
  <testcase classname="sameerakhtar.tests.SubmitOrderTest" name="submitOrderTest" time="27.992"/>
  <testcase classname="sameerakhtar.tests.SubmitOrderTest" name="orderHistoryTest" time="3.780"/>
</testsuite> <!-- sameerakhtar.tests.SubmitOrderTest -->
