<?xml version="1.0" encoding="UTF-8"?>
<!-- Generated by org.testng.reporters.JUnitReportReporter -->
<testsuite hostname="DESKTOP-V5VVE22" failures="0" tests="1" name="sameerakhtar.tests.ErrorValidationsTest" time="71.683" errors="0" timestamp="2025-01-14T01:59:21 IST" skipped="0">
  <testcase classname="sameerakhtar.tests.ErrorValidationsTest" name="loginErrorValidation" time="71.683"/>
</testsuite> <!-- sameerakhtar.tests.ErrorValidationsTest -->
