<?xml version="1.0" encoding="UTF-8"?>
<!-- Generated by org.testng.reporters.JUnitReportReporter -->
<testsuite hostname="DESKTOP-V5VVE22" failures="0" tests="2" name="sameerakhtar.tests.ErrorValidationsTest" time="19.515" errors="0" timestamp="2025-02-26T03:27:34 IST" skipped="0">
  <testcase classname="sameerakhtar.tests.ErrorValidationsTest" name="errorProductValidation" time="15.778"/>
  <testcase classname="sameerakhtar.tests.ErrorValidationsTest" name="loginErrorValidation" time="3.737"/>
</testsuite> <!-- sameerakhtar.tests.ErrorValidationsTest -->
