<?xml version="1.0" encoding="UTF-8"?>
<!-- Generated by org.testng.reporters.JUnitReportReporter -->
<testsuite hostname="DESKTOP-V5VVE22" failures="0" tests="2" name="sameerakhtar.tests.ErrorValidationsTest" time="26.029" errors="0" timestamp="2024-10-23T01:03:23 IST" skipped="0">
  <testcase classname="sameerakhtar.tests.ErrorValidationsTest" name="loginErrorValidation" time="3.597"/>
  <testcase classname="sameerakhtar.tests.ErrorValidationsTest" name="errorProductValidation" time="22.432"/>
</testsuite> <!-- sameerakhtar.tests.ErrorValidationsTest -->
