<?xml version="1.0" encoding="UTF-8"?>
<!-- Generated by org.testng.reporters.JUnitReportReporter -->
<testsuite hostname="DESKTOP-V5VVE22" failures="0" tests="2" name="sameerakhtar.tests.SubmitOrderTest" time="58.291" errors="0" timestamp="2025-01-30T01:28:36 IST" skipped="0">
  <testcase classname="sameerakhtar.tests.SubmitOrderTest" name="submitOrderTest" time="30.159"/>
  <testcase classname="sameerakhtar.tests.SubmitOrderTest" name="submitOrderTest" time="28.132"/>
</testsuite> <!-- sameerakhtar.tests.SubmitOrderTest -->
