<?xml version="1.0" encoding="UTF-8"?>
<!-- Generated by org.testng.reporters.JUnitReportReporter -->
<testsuite hostname="DESKTOP-V5VVE22" failures="0" tests="4" name="sameerakhtar.tests.SubmitOrderTest" time="39.387" errors="0" timestamp="2025-02-26T03:49:30 IST" skipped="0">
  <testcase classname="sameerakhtar.tests.SubmitOrderTest" name="submitOrderTest" time="16.983"/>
  <testcase classname="sameerakhtar.tests.SubmitOrderTest" name="submitOrderTest" time="16.315"/>
  <testcase classname="sameerakhtar.tests.SubmitOrderTest" name="orderHistoryTest" time="2.929"/>
  <testcase classname="sameerakhtar.tests.SubmitOrderTest" name="orderHistoryTest" time="3.160"/>
</testsuite> <!-- sameerakhtar.tests.SubmitOrderTest -->
