<?xml version="1.0" encoding="UTF-8"?>
<!-- Generated by org.testng.reporters.JUnitReportReporter -->
<testsuite hostname="DESKTOP-V5VVE22" failures="0" tests="1" name="sameerakhtar.tests.ErrorValidationsTest" time="14.323" errors="0" timestamp="2025-01-30T01:37:52 IST" skipped="0">
  <testcase classname="sameerakhtar.tests.ErrorValidationsTest" name="loginErrorValidation" time="14.323"/>
</testsuite> <!-- sameerakhtar.tests.ErrorValidationsTest -->
