<?xml version="1.0" encoding="UTF-8"?>
<!-- Generated by org.testng.reporters.JUnitReportReporter -->
<testsuite hostname="DESKTOP-V5VVE22" failures="0" tests="1" name="sameerakhtar.tests.RandomTest" time="29.253" errors="0" timestamp="2025-02-26T03:13:19 IST" skipped="0">
  <testcase classname="sameerakhtar.tests.RandomTest" name="errorProductValidation" time="29.253"/>
</testsuite> <!-- sameerakhtar.tests.RandomTest -->
