<?xml version="1.0" encoding="UTF-8"?>
<!-- Generated by org.testng.reporters.JUnitReportReporter -->
<testsuite hostname="DESKTOP-V5VVE22" failures="0" tests="1" name="sameerakhtar.SeleniumFrameworkDesign.StandAloneTest" time="5.052" errors="0" timestamp="2024-10-17T00:58:31 IST" skipped="0">
  <testcase classname="sameerakhtar.SeleniumFrameworkDesign.StandAloneTest" name="test" time="5.052"/>
</testsuite> <!-- sameerakhtar.SeleniumFrameworkDesign.StandAloneTest -->
