<?xml version="1.0" encoding="UTF-8"?>
<!-- Generated by org.testng.reporters.JUnitReportReporter -->
<testsuite hostname="DESKTOP-V5VVE22" failures="0" tests="2" name="sameerakhtar.cucumber.TestNGTestRunner" time="40.689" errors="0" timestamp="2024-10-25T01:35:20 IST" skipped="0">
  <testcase classname="sameerakhtar.cucumber.TestNGTestRunner" name="runScenario" time="19.541"/>
  <testcase classname="sameerakhtar.cucumber.TestNGTestRunner" name="runScenario" time="21.148"/>
</testsuite> <!-- sameerakhtar.cucumber.TestNGTestRunner -->
