<?xml version="1.0" encoding="UTF-8"?>
<!-- Generated by org.testng.reporters.JUnitReportReporter -->
<testsuite hostname="DESKTOP-V5VVE22" failures="0" tests="4" name="sameerakhtar.tests.SubmitOrderTest" time="74.631" errors="0" timestamp="2024-11-21T03:36:43 IST" skipped="0">
  <testcase classname="sameerakhtar.tests.SubmitOrderTest" name="submitOrderTest" time="28.672"/>
  <testcase classname="sameerakhtar.tests.SubmitOrderTest" name="orderHistoryTest" time="2.766"/>
  <testcase classname="sameerakhtar.tests.SubmitOrderTest" name="orderHistoryTest" time="15.105"/>
  <testcase classname="sameerakhtar.tests.SubmitOrderTest" name="submitOrderTest" time="28.088"/>
</testsuite> <!-- sameerakhtar.tests.SubmitOrderTest -->
