<?xml version="1.0" encoding="UTF-8"?>
<!-- Generated by org.testng.reporters.JUnitReportReporter -->
<testsuite hostname="DESKTOP-V5VVE22" failures="0" tests="4" name="sameerakhtar.tests.SubmitOrderTest" time="42.213" errors="0" timestamp="2024-11-05T02:07:48 IST" skipped="0">
  <testcase classname="sameerakhtar.tests.SubmitOrderTest" name="orderHistoryTest" time="4.270"/>
  <testcase classname="sameerakhtar.tests.SubmitOrderTest" name="orderHistoryTest" time="2.973"/>
  <testcase classname="sameerakhtar.tests.SubmitOrderTest" name="submitOrderTest" time="17.444"/>
  <testcase classname="sameerakhtar.tests.SubmitOrderTest" name="submitOrderTest" time="17.526"/>
</testsuite> <!-- sameerakhtar.tests.SubmitOrderTest -->
