<?xml version="1.0" encoding="UTF-8"?>
<!-- Generated by org.testng.reporters.JUnitReportReporter -->
<testsuite hostname="DESKTOP-V5VVE22" failures="0" tests="2" name="sameerakhtar.tests.ErrorValidations" time="24.151" errors="0" timestamp="2024-10-19T02:58:40 IST" skipped="0">
  <testcase classname="sameerakhtar.tests.ErrorValidations" name="submitOrder" time="17.963"/>
  <testcase classname="sameerakhtar.tests.ErrorValidations" name="loginErrorValidation" time="6.188"/>
</testsuite> <!-- sameerakhtar.tests.ErrorValidations -->
