<?xml version="1.0" encoding="UTF-8"?>
<!-- Generated by org.testng.reporters.JUnitReportReporter -->
<testsuite hostname="DESKTOP-V5VVE22" failures="0" tests="2" name="sameerakhtar.tests.SubmitOrderTest" time="34.769" errors="0" timestamp="2025-01-30T21:57:11 IST" skipped="0">
  <testcase classname="sameerakhtar.tests.SubmitOrderTest" name="submitOrderTest" time="29.844"/>
  <testcase classname="sameerakhtar.tests.SubmitOrderTest" name="submitOrderTest" time="4.925"/>
</testsuite> <!-- sameerakhtar.tests.SubmitOrderTest -->
