<?xml version="1.0" encoding="UTF-8"?>
<!-- Generated by org.testng.reporters.JUnitReportReporter -->
<testsuite hostname="DESKTOP-V5VVE22" failures="0" tests="2" name="sameerakhtar.cucumber.TestNGTestRunner" time="7.137" errors="0" timestamp="2024-10-26T02:57:04 IST" skipped="0">
  <testcase classname="sameerakhtar.cucumber.TestNGTestRunner" name="runScenario" time="4.410"/>
  <testcase classname="sameerakhtar.cucumber.TestNGTestRunner" name="runScenario" time="2.727"/>
</testsuite> <!-- sameerakhtar.cucumber.TestNGTestRunner -->
