<?xml version="1.0" encoding="UTF-8"?>
<!-- Generated by org.testng.reporters.JUnitReportReporter -->
<testsuite hostname="DESKTOP-V5VVE22" failures="0" tests="2" name="sameerakhtar.cucumber.TestNGTestRunner" time="40.024" errors="0" timestamp="2024-10-25T02:03:05 IST" skipped="0">
  <testcase classname="sameerakhtar.cucumber.TestNGTestRunner" name="runScenario" time="20.795"/>
  <testcase classname="sameerakhtar.cucumber.TestNGTestRunner" name="runScenario" time="19.229"/>
</testsuite> <!-- sameerakhtar.cucumber.TestNGTestRunner -->
