<?xml version="1.0" encoding="UTF-8"?>
<!-- Generated by org.testng.reporters.JUnitReportReporter -->
<testsuite hostname="DESKTOP-V5VVE22" failures="0" tests="2" name="sameerakhtar.tests.ErrorValidationsTest" time="24.358" errors="0" timestamp="2024-10-30T01:42:00 IST" skipped="0">
  <testcase classname="sameerakhtar.tests.ErrorValidationsTest" name="errorProductValidation" time="19.645"/>
  <testcase classname="sameerakhtar.tests.ErrorValidationsTest" name="loginErrorValidation" time="4.713"/>
</testsuite> <!-- sameerakhtar.tests.ErrorValidationsTest -->
