<?xml version="1.0" encoding="UTF-8"?>
<!-- Generated by org.testng.reporters.JUnitReportReporter -->
<testsuite hostname="DESKTOP-V5VVE22" failures="0" tests="4" name="sameerakhtar.tests.SubmitOrderTest" time="70.225" errors="0" timestamp="2024-11-18T00:49:17 IST" skipped="0">
  <testcase classname="sameerakhtar.tests.SubmitOrderTest" name="orderHistoryTest" time="16.070"/>
  <testcase classname="sameerakhtar.tests.SubmitOrderTest" name="submitOrderTest" time="28.344"/>
  <testcase classname="sameerakhtar.tests.SubmitOrderTest" name="submitOrderTest" time="19.280"/>
  <testcase classname="sameerakhtar.tests.SubmitOrderTest" name="orderHistoryTest" time="6.531"/>
</testsuite> <!-- sameerakhtar.tests.SubmitOrderTest -->
