<?xml version="1.0" encoding="UTF-8"?>
<!-- Generated by org.testng.reporters.JUnitReportReporter -->
<testsuite hostname="DESKTOP-V5VVE22" failures="0" tests="2" name="sameerakhtar.tests.ErrorValidationsTest" time="22.404" errors="0" timestamp="2024-10-30T02:31:02 IST" skipped="0">
  <testcase classname="sameerakhtar.tests.ErrorValidationsTest" name="errorProductValidation" time="16.822"/>
  <testcase classname="sameerakhtar.tests.ErrorValidationsTest" name="loginErrorValidation" time="5.582"/>
</testsuite> <!-- sameerakhtar.tests.ErrorValidationsTest -->
